{
"contracts/ExternalMetadata.sol":{"l":{"85":4,"117":4,"119":4,"140":4,"141":4,"158":4,"159":4,"176":1014,"180":0,"181":0,"182":0},"path":"/Users/billy/GitHub/trifle-labs/kudzu-cup/contracts/ExternalMetadata.sol","s":{"1":4,"2":4,"3":4,"4":4,"5":4,"6":4,"7":4,"8":1014,"9":0,"10":0},"b":{},"f":{"1":16,"2":4,"3":4,"4":4,"5":4,"6":1014,"7":0},"fnMap":{"1":{"name":"constructor","line":80,"loc":{"start":{"line":80,"column":4},"end":{"line":80,"column":19}}},"2":{"name":"getMetadata","line":84,"loc":{"start":{"line":84,"column":4},"end":{"line":112,"column":4}}},"3":{"name":"getAttributes","line":114,"loc":{"start":{"line":114,"column":4},"end":{"line":135,"column":4}}},"4":{"name":"getDescription","line":137,"loc":{"start":{"line":137,"column":4},"end":{"line":155,"column":4}}},"5":{"name":"getName","line":157,"loc":{"start":{"line":157,"column":4},"end":{"line":171,"column":4}}},"6":{"name":"getPiecesOfTokenID","line":173,"loc":{"start":{"line":173,"column":4},"end":{"line":177,"column":4}}},"7":{"name":"getEmoji","line":179,"loc":{"start":{"line":179,"column":4},"end":{"line":184,"column":4}}}},"statementMap":{"1":{"start":{"line":85,"column":8},"end":{"line":85,"column":1777}},"2":{"start":{"line":117,"column":8},"end":{"line":117,"column":78}},"3":{"start":{"line":119,"column":8},"end":{"line":119,"column":3105}},"4":{"start":{"line":140,"column":8},"end":{"line":140,"column":78}},"5":{"start":{"line":141,"column":8},"end":{"line":141,"column":3792}},"6":{"start":{"line":158,"column":8},"end":{"line":158,"column":78}},"7":{"start":{"line":159,"column":8},"end":{"line":159,"column":4441}},"8":{"start":{"line":176,"column":8},"end":{"line":176,"column":71}},"9":{"start":{"line":181,"column":12},"end":{"line":181,"column":72}},"10":{"start":{"line":182,"column":12},"end":{"line":182,"column":74}}},"branchMap":{}},
"contracts/Kudzu.sol":{"l":{"113":16,"114":16,"116":16,"119":16,"121":16,"124":16,"126":16,"129":16,"131":16,"134":16,"136":16,"139":16,"143":1,"150":5,"154":2,"160":52,"166":1,"178":3,"184":1,"188":2068,"206":120,"207":120,"208":120,"213":120,"220":122,"221":121,"222":120,"223":119,"225":118,"226":118,"227":1034,"228":1034,"230":1034,"231":1034,"233":1034,"234":1034,"236":1034,"237":1034,"238":1034,"239":1034,"240":1034,"241":1034,"244":118,"245":118,"248":118,"249":118,"250":118,"262":121,"263":120,"264":119,"265":118,"266":118,"267":116,"268":115,"269":114,"274":114,"275":113,"278":114,"279":3,"283":2,"286":113,"287":113,"288":113,"289":113,"291":113,"293":113,"295":113,"298":113,"299":113,"300":113,"304":15,"311":18,"312":17,"316":16,"322":15,"323":2,"326":15,"327":15,"329":15,"331":8,"333":8,"340":8,"343":8,"344":8,"346":8,"349":8,"350":8,"351":8,"363":12,"364":11,"371":10,"372":10,"373":10,"378":7,"379":6,"380":6,"383":8,"384":8,"388":1147,"390":1147,"391":1147,"392":1147,"393":3374,"394":51,"395":51,"396":51,"399":1147,"400":1096,"401":10,"402":10,"403":10,"407":9,"408":9,"414":9,"417":51,"420":51,"421":102,"422":102,"427":102,"428":10,"429":10,"431":102,"444":1,"445":1,"449":2,"453":1,"457":2,"464":3,"468":2,"469":2,"479":100,"480":100,"490":12,"491":8,"501":0,"502":0,"503":0,"504":0,"506":0,"512":13},"path":"/Users/billy/GitHub/trifle-labs/kudzu-cup/contracts/Kudzu.sol","s":{"1":5,"2":2,"3":52,"4":1,"5":3,"6":1,"7":2068,"8":120,"9":120,"10":120,"11":120,"12":122,"13":121,"14":120,"15":119,"16":118,"17":118,"18":1034,"19":1034,"20":1034,"21":1034,"22":118,"23":118,"24":118,"25":118,"26":118,"27":121,"28":120,"29":119,"30":118,"31":118,"32":116,"33":115,"34":114,"35":114,"36":114,"37":3,"38":113,"39":113,"40":113,"41":113,"42":113,"43":113,"44":113,"45":113,"46":15,"47":18,"48":17,"49":16,"50":15,"51":15,"52":15,"53":15,"54":8,"55":8,"56":8,"57":8,"58":8,"59":8,"60":8,"61":12,"62":11,"63":10,"64":10,"65":10,"66":7,"67":1147,"68":1147,"69":1147,"70":1147,"71":3374,"72":1147,"73":1096,"74":1086,"75":1077,"76":51,"77":102,"78":102,"79":102,"80":2,"81":3,"82":2,"83":2,"84":100,"85":100,"86":12,"87":8,"88":0,"89":0,"90":0,"91":0,"92":0,"93":13},"b":{"1":[121,1],"2":[120,1],"3":[119,1],"4":[118,1],"5":[118,0],"6":[120,1],"7":[119,1],"8":[118,1],"9":[118,0],"10":[116,2],"11":[115,1],"12":[114,1],"13":[113,1],"14":[3,111],"15":[2,1],"16":[113,0],"17":[10,1],"18":[1,2],"19":[17,1],"20":[16,1],"21":[15,1],"22":[2,13],"23":[8,7],"24":[8,0],"25":[11,1],"26":[10,1],"27":[7,3],"28":[6,1],"29":[6,1],"30":[51,3323],"31":[1096,51],"32":[10,1086],"33":[9,1077],"34":[9,1068],"35":[1,1],"36":[2,2],"37":[1,1],"38":[2,1],"39":[3,1],"40":[2,1],"41":[100,0],"42":[1,1],"43":[1,1],"44":[1,1],"45":[1,3]},"f":{"1":16,"2":5,"3":2,"4":52,"5":1,"6":3,"7":1,"8":2068,"9":120,"10":122,"11":121,"12":15,"13":18,"14":12,"15":1147,"16":1,"17":2,"18":1,"19":2,"20":3,"21":100,"22":12,"23":0,"24":13},"fnMap":{"1":{"name":"constructor","line":112,"loc":{"start":{"line":112,"column":4},"end":{"line":140,"column":4}}},"2":{"name":"balanceOf","line":149,"loc":{"start":{"line":149,"column":4},"end":{"line":151,"column":4}}},"3":{"name":"blocktimestamp","line":153,"loc":{"start":{"line":153,"column":4},"end":{"line":155,"column":4}}},"4":{"name":"getWinningToken","line":157,"loc":{"start":{"line":157,"column":4},"end":{"line":161,"column":4}}},"5":{"name":"tokenURI","line":163,"loc":{"start":{"line":163,"column":4},"end":{"line":167,"column":4}}},"6":{"name":"uri","line":169,"loc":{"start":{"line":169,"column":4},"end":{"line":179,"column":4}}},"7":{"name":"getTokenMetadata","line":181,"loc":{"start":{"line":181,"column":4},"end":{"line":185,"column":4}}},"8":{"name":"pseudoRNG","line":187,"loc":{"start":{"line":187,"column":4},"end":{"line":199,"column":4}}},"9":{"name":"userExists","line":201,"loc":{"start":{"line":201,"column":4},"end":{"line":214,"column":4}}},"10":{"name":"create","line":219,"loc":{"start":{"line":219,"column":4},"end":{"line":251,"column":4}}},"11":{"name":"airdrop","line":256,"loc":{"start":{"line":256,"column":4},"end":{"line":301,"column":4}}},"12":{"name":"isWinningtoken","line":303,"loc":{"start":{"line":303,"column":4},"end":{"line":308,"column":4}}},"13":{"name":"claimPrize","line":310,"loc":{"start":{"line":310,"column":4},"end":{"line":352,"column":4}}},"14":{"name":"transfersEnabled","line":357,"loc":{"start":{"line":357,"column":4},"end":{"line":385,"column":4}}},"15":{"name":"tallyLeaderboard","line":387,"loc":{"start":{"line":387,"column":4},"end":{"line":434,"column":4}}},"16":{"name":"addChain","line":443,"loc":{"start":{"line":439,"column":4},"end":{"line":446,"column":4}}},"17":{"name":"emitBatchMetadataUpdate","line":448,"loc":{"start":{"line":448,"column":4},"end":{"line":450,"column":4}}},"18":{"name":"updateMetadata","line":452,"loc":{"start":{"line":452,"column":4},"end":{"line":454,"column":4}}},"19":{"name":"updateRecipient","line":456,"loc":{"start":{"line":456,"column":4},"end":{"line":458,"column":4}}},"20":{"name":"collectForfeitPrizeAfterDelay","line":463,"loc":{"start":{"line":460,"column":4},"end":{"line":470,"column":4}}},"21":{"name":"mint","line":474,"loc":{"start":{"line":474,"column":4},"end":{"line":481,"column":4}}},"22":{"name":"safeTransferFrom","line":483,"loc":{"start":{"line":483,"column":4},"end":{"line":492,"column":4}}},"23":{"name":"safeBatchTransferFrom","line":494,"loc":{"start":{"line":494,"column":4},"end":{"line":507,"column":4}}},"24":{"name":"supportsInterface","line":509,"loc":{"start":{"line":509,"column":4},"end":{"line":518,"column":4}}}},"statementMap":{"1":{"start":{"line":150,"column":8},"end":{"line":150,"column":31}},"2":{"start":{"line":154,"column":8},"end":{"line":154,"column":30}},"3":{"start":{"line":160,"column":8},"end":{"line":160,"column":39}},"4":{"start":{"line":166,"column":8},"end":{"line":166,"column":27}},"5":{"start":{"line":178,"column":8},"end":{"line":178,"column":44}},"6":{"start":{"line":184,"column":8},"end":{"line":184,"column":27}},"7":{"start":{"line":188,"column":8},"end":{"line":188,"column":5798}},"8":{"start":{"line":206,"column":8},"end":{"line":206,"column":79}},"9":{"start":{"line":207,"column":8},"end":{"line":207,"column":63}},"10":{"start":{"line":208,"column":8},"end":{"line":208,"column":6410}},"11":{"start":{"line":213,"column":8},"end":{"line":213,"column":56}},"12":{"start":{"line":220,"column":8},"end":{"line":220,"column":45}},"13":{"start":{"line":221,"column":8},"end":{"line":221,"column":66}},"14":{"start":{"line":222,"column":8},"end":{"line":222,"column":55}},"15":{"start":{"line":223,"column":8},"end":{"line":223,"column":75}},"16":{"start":{"line":225,"column":8},"end":{"line":225,"column":36}},"17":{"start":{"line":226,"column":8},"end":{"line":226,"column":7030}},"18":{"start":{"line":227,"column":12},"end":{"line":227,"column":45}},"19":{"start":{"line":237,"column":12},"end":{"line":237,"column":51}},"20":{"start":{"line":240,"column":12},"end":{"line":240,"column":36}},"21":{"start":{"line":241,"column":12},"end":{"line":241,"column":38}},"22":{"start":{"line":244,"column":8},"end":{"line":244,"column":79}},"23":{"start":{"line":245,"column":8},"end":{"line":245,"column":7693}},"24":{"start":{"line":248,"column":8},"end":{"line":248,"column":66}},"25":{"start":{"line":249,"column":8},"end":{"line":249,"column":42}},"26":{"start":{"line":250,"column":8},"end":{"line":250,"column":77}},"27":{"start":{"line":262,"column":8},"end":{"line":262,"column":66}},"28":{"start":{"line":263,"column":8},"end":{"line":263,"column":55}},"29":{"start":{"line":264,"column":8},"end":{"line":264,"column":63}},"30":{"start":{"line":265,"column":8},"end":{"line":265,"column":61}},"31":{"start":{"line":266,"column":8},"end":{"line":266,"column":66}},"32":{"start":{"line":267,"column":8},"end":{"line":267,"column":64}},"33":{"start":{"line":268,"column":8},"end":{"line":268,"column":8700}},"34":{"start":{"line":269,"column":12},"end":{"line":269,"column":8744}},"35":{"start":{"line":274,"column":12},"end":{"line":274,"column":71}},"36":{"start":{"line":278,"column":8},"end":{"line":278,"column":9008}},"37":{"start":{"line":279,"column":12},"end":{"line":279,"column":9059}},"38":{"start":{"line":287,"column":8},"end":{"line":287,"column":32}},"39":{"start":{"line":288,"column":8},"end":{"line":288,"column":33}},"40":{"start":{"line":291,"column":8},"end":{"line":291,"column":46}},"41":{"start":{"line":293,"column":8},"end":{"line":293,"column":9470}},"42":{"start":{"line":295,"column":8},"end":{"line":295,"column":9554}},"43":{"start":{"line":298,"column":8},"end":{"line":298,"column":66}},"44":{"start":{"line":299,"column":8},"end":{"line":299,"column":42}},"45":{"start":{"line":300,"column":8},"end":{"line":300,"column":77}},"46":{"start":{"line":304,"column":8},"end":{"line":304,"column":9967}},"47":{"start":{"line":311,"column":8},"end":{"line":311,"column":59}},"48":{"start":{"line":312,"column":8},"end":{"line":312,"column":10199}},"49":{"start":{"line":316,"column":8},"end":{"line":316,"column":10317}},"50":{"start":{"line":322,"column":8},"end":{"line":322,"column":10488}},"51":{"start":{"line":326,"column":8},"end":{"line":326,"column":48}},"52":{"start":{"line":327,"column":8},"end":{"line":327,"column":61}},"53":{"start":{"line":329,"column":8},"end":{"line":329,"column":78}},"54":{"start":{"line":331,"column":8},"end":{"line":331,"column":77}},"55":{"start":{"line":333,"column":8},"end":{"line":333,"column":10880}},"56":{"start":{"line":340,"column":8},"end":{"line":340,"column":11128}},"57":{"start":{"line":346,"column":8},"end":{"line":346,"column":11319}},"58":{"start":{"line":349,"column":8},"end":{"line":349,"column":42}},"59":{"start":{"line":350,"column":8},"end":{"line":350,"column":67}},"60":{"start":{"line":351,"column":8},"end":{"line":351,"column":65}},"61":{"start":{"line":363,"column":8},"end":{"line":363,"column":59}},"62":{"start":{"line":364,"column":8},"end":{"line":364,"column":11851}},"63":{"start":{"line":371,"column":12},"end":{"line":371,"column":72}},"64":{"start":{"line":372,"column":12},"end":{"line":372,"column":73}},"65":{"start":{"line":373,"column":12},"end":{"line":373,"column":12279}},"66":{"start":{"line":378,"column":12},"end":{"line":378,"column":12514}},"67":{"start":{"line":388,"column":8},"end":{"line":388,"column":45}},"68":{"start":{"line":390,"column":8},"end":{"line":390,"column":19}},"69":{"start":{"line":391,"column":8},"end":{"line":391,"column":27}},"70":{"start":{"line":392,"column":8},"end":{"line":392,"column":12893}},"71":{"start":{"line":393,"column":12},"end":{"line":393,"column":12943}},"72":{"start":{"line":399,"column":8},"end":{"line":399,"column":13097}},"73":{"start":{"line":400,"column":12},"end":{"line":400,"column":13128}},"74":{"start":{"line":404,"column":19},"end":{"line":404,"column":13348}},"75":{"start":{"line":409,"column":19},"end":{"line":409,"column":13588}},"76":{"start":{"line":420,"column":12},"end":{"line":420,"column":14000}},"77":{"start":{"line":421,"column":16},"end":{"line":421,"column":48}},"78":{"start":{"line":422,"column":16},"end":{"line":422,"column":29}},"79":{"start":{"line":427,"column":16},"end":{"line":427,"column":14310}},"80":{"start":{"line":449,"column":8},"end":{"line":449,"column":48}},"81":{"start":{"line":464,"column":8},"end":{"line":464,"column":15234}},"82":{"start":{"line":468,"column":8},"end":{"line":468,"column":68}},"83":{"start":{"line":469,"column":8},"end":{"line":469,"column":46}},"84":{"start":{"line":479,"column":8},"end":{"line":479,"column":57}},"85":{"start":{"line":480,"column":8},"end":{"line":480,"column":27}},"86":{"start":{"line":490,"column":8},"end":{"line":490,"column":45}},"87":{"start":{"line":491,"column":8},"end":{"line":491,"column":57}},"88":{"start":{"line":501,"column":8},"end":{"line":501,"column":16237}},"89":{"start":{"line":502,"column":12},"end":{"line":502,"column":31}},"90":{"start":{"line":503,"column":12},"end":{"line":503,"column":39}},"91":{"start":{"line":504,"column":12},"end":{"line":504,"column":49}},"92":{"start":{"line":506,"column":8},"end":{"line":506,"column":64}},"93":{"start":{"line":512,"column":8},"end":{"line":512,"column":16641}}},"branchMap":{"1":{"line":220,"type":"if","locations":[{"start":{"line":220,"column":8},"end":{"line":220,"column":8}},{"start":{"line":220,"column":8},"end":{"line":220,"column":8}}]},"2":{"line":221,"type":"if","locations":[{"start":{"line":221,"column":8},"end":{"line":221,"column":8}},{"start":{"line":221,"column":8},"end":{"line":221,"column":8}}]},"3":{"line":222,"type":"if","locations":[{"start":{"line":222,"column":8},"end":{"line":222,"column":8}},{"start":{"line":222,"column":8},"end":{"line":222,"column":8}}]},"4":{"line":223,"type":"if","locations":[{"start":{"line":223,"column":8},"end":{"line":223,"column":8}},{"start":{"line":223,"column":8},"end":{"line":223,"column":8}}]},"5":{"line":249,"type":"if","locations":[{"start":{"line":249,"column":8},"end":{"line":249,"column":8}},{"start":{"line":249,"column":8},"end":{"line":249,"column":8}}]},"6":{"line":262,"type":"if","locations":[{"start":{"line":262,"column":8},"end":{"line":262,"column":8}},{"start":{"line":262,"column":8},"end":{"line":262,"column":8}}]},"7":{"line":263,"type":"if","locations":[{"start":{"line":263,"column":8},"end":{"line":263,"column":8}},{"start":{"line":263,"column":8},"end":{"line":263,"column":8}}]},"8":{"line":264,"type":"if","locations":[{"start":{"line":264,"column":8},"end":{"line":264,"column":8}},{"start":{"line":264,"column":8},"end":{"line":264,"column":8}}]},"9":{"line":265,"type":"if","locations":[{"start":{"line":265,"column":8},"end":{"line":265,"column":8}},{"start":{"line":265,"column":8},"end":{"line":265,"column":8}}]},"10":{"line":266,"type":"if","locations":[{"start":{"line":266,"column":8},"end":{"line":266,"column":8}},{"start":{"line":266,"column":8},"end":{"line":266,"column":8}}]},"11":{"line":267,"type":"if","locations":[{"start":{"line":267,"column":8},"end":{"line":267,"column":8}},{"start":{"line":267,"column":8},"end":{"line":267,"column":8}}]},"12":{"line":268,"type":"if","locations":[{"start":{"line":268,"column":8},"end":{"line":268,"column":8}},{"start":{"line":268,"column":8},"end":{"line":268,"column":8}}]},"13":{"line":274,"type":"if","locations":[{"start":{"line":274,"column":12},"end":{"line":274,"column":12}},{"start":{"line":274,"column":12},"end":{"line":274,"column":12}}]},"14":{"line":278,"type":"if","locations":[{"start":{"line":278,"column":8},"end":{"line":278,"column":8}},{"start":{"line":278,"column":8},"end":{"line":278,"column":8}}]},"15":{"line":279,"type":"if","locations":[{"start":{"line":279,"column":12},"end":{"line":279,"column":12}},{"start":{"line":279,"column":12},"end":{"line":279,"column":12}}]},"16":{"line":299,"type":"if","locations":[{"start":{"line":299,"column":8},"end":{"line":299,"column":8}},{"start":{"line":299,"column":8},"end":{"line":299,"column":8}}]},"17":{"line":305,"type":"cond-expr","locations":[{"start":{"line":305,"column":12},"end":{"line":305,"column":40}},{"start":{"line":306,"column":12},"end":{"line":306,"column":40}}]},"18":{"line":305,"type":"cond-expr","locations":[{"start":{"line":305,"column":12},"end":{"line":306,"column":40}},{"start":{"line":307,"column":12},"end":{"line":307,"column":40}}]},"19":{"line":311,"type":"if","locations":[{"start":{"line":311,"column":8},"end":{"line":311,"column":8}},{"start":{"line":311,"column":8},"end":{"line":311,"column":8}}]},"20":{"line":312,"type":"if","locations":[{"start":{"line":312,"column":8},"end":{"line":312,"column":8}},{"start":{"line":312,"column":8},"end":{"line":312,"column":8}}]},"21":{"line":316,"type":"if","locations":[{"start":{"line":316,"column":8},"end":{"line":316,"column":8}},{"start":{"line":316,"column":8},"end":{"line":316,"column":8}}]},"22":{"line":322,"type":"if","locations":[{"start":{"line":322,"column":8},"end":{"line":322,"column":8}},{"start":{"line":322,"column":8},"end":{"line":322,"column":8}}]},"23":{"line":329,"type":"if","locations":[{"start":{"line":329,"column":8},"end":{"line":329,"column":8}},{"start":{"line":329,"column":8},"end":{"line":329,"column":8}}]},"24":{"line":349,"type":"if","locations":[{"start":{"line":349,"column":8},"end":{"line":349,"column":8}},{"start":{"line":349,"column":8},"end":{"line":349,"column":8}}]},"25":{"line":363,"type":"if","locations":[{"start":{"line":363,"column":8},"end":{"line":363,"column":8}},{"start":{"line":363,"column":8},"end":{"line":363,"column":8}}]},"26":{"line":364,"type":"if","locations":[{"start":{"line":364,"column":8},"end":{"line":364,"column":8}},{"start":{"line":364,"column":8},"end":{"line":364,"column":8}}]},"27":{"line":373,"type":"if","locations":[{"start":{"line":373,"column":12},"end":{"line":373,"column":12}},{"start":{"line":373,"column":12},"end":{"line":373,"column":12}}]},"28":{"line":374,"type":"cond-expr","locations":[{"start":{"line":374,"column":16},"end":{"line":374,"column":29}},{"start":{"line":374,"column":34},"end":{"line":374,"column":44}}]},"29":{"line":378,"type":"if","locations":[{"start":{"line":378,"column":12},"end":{"line":378,"column":12}},{"start":{"line":378,"column":12},"end":{"line":378,"column":12}}]},"30":{"line":393,"type":"if","locations":[{"start":{"line":393,"column":12},"end":{"line":393,"column":12}},{"start":{"line":393,"column":12},"end":{"line":393,"column":12}}]},"31":{"line":399,"type":"if","locations":[{"start":{"line":399,"column":8},"end":{"line":399,"column":8}},{"start":{"line":399,"column":8},"end":{"line":399,"column":8}}]},"32":{"line":400,"type":"if","locations":[{"start":{"line":400,"column":12},"end":{"line":400,"column":12}},{"start":{"line":400,"column":12},"end":{"line":400,"column":12}}]},"33":{"line":404,"type":"if","locations":[{"start":{"line":404,"column":19},"end":{"line":404,"column":19}},{"start":{"line":404,"column":19},"end":{"line":404,"column":19}}]},"34":{"line":409,"type":"if","locations":[{"start":{"line":409,"column":19},"end":{"line":409,"column":19}},{"start":{"line":409,"column":19},"end":{"line":409,"column":19}}]},"35":{"line":443,"type":"if","locations":[{"start":{"line":443,"column":13},"end":{"line":443,"column":13}},{"start":{"line":443,"column":13},"end":{"line":443,"column":13}}]},"36":{"line":448,"type":"if","locations":[{"start":{"line":448,"column":46},"end":{"line":448,"column":46}},{"start":{"line":448,"column":46},"end":{"line":448,"column":46}}]},"37":{"line":452,"type":"if","locations":[{"start":{"line":452,"column":63},"end":{"line":452,"column":63}},{"start":{"line":452,"column":63},"end":{"line":452,"column":63}}]},"38":{"line":456,"type":"if","locations":[{"start":{"line":456,"column":56},"end":{"line":456,"column":56}},{"start":{"line":456,"column":56},"end":{"line":456,"column":56}}]},"39":{"line":463,"type":"if","locations":[{"start":{"line":463,"column":13},"end":{"line":463,"column":13}},{"start":{"line":463,"column":13},"end":{"line":463,"column":13}}]},"40":{"line":464,"type":"if","locations":[{"start":{"line":464,"column":8},"end":{"line":464,"column":8}},{"start":{"line":464,"column":8},"end":{"line":464,"column":8}}]},"41":{"line":479,"type":"if","locations":[{"start":{"line":479,"column":8},"end":{"line":479,"column":8}},{"start":{"line":479,"column":8},"end":{"line":479,"column":8}}]},"42":{"line":513,"type":"cond-expr","locations":[{"start":{"line":513,"column":12},"end":{"line":513,"column":58}},{"start":{"line":514,"column":12},"end":{"line":514,"column":67}}]},"43":{"line":513,"type":"cond-expr","locations":[{"start":{"line":513,"column":12},"end":{"line":514,"column":67}},{"start":{"line":515,"column":12},"end":{"line":515,"column":51}}]},"44":{"line":513,"type":"cond-expr","locations":[{"start":{"line":513,"column":12},"end":{"line":515,"column":51}},{"start":{"line":516,"column":12},"end":{"line":516,"column":44}}]},"45":{"line":513,"type":"cond-expr","locations":[{"start":{"line":513,"column":12},"end":{"line":516,"column":44}},{"start":{"line":517,"column":12},"end":{"line":517,"column":47}}]}}}}
