{
"contracts/ExternalMetadata.sol":{"l":{"19":0,"26":3},"path":"/Users/billy/GitHub/folia-app/kudzu-cup/contracts/ExternalMetadata.sol","s":{"1":3},"b":{"1":[0,0]},"f":{"1":12,"2":0,"3":3},"fnMap":{"1":{"name":"constructor","line":12,"loc":{"start":{"line":12,"column":4},"end":{"line":12,"column":19}}},"2":{"name":"setbaseURI","line":18,"loc":{"start":{"line":18,"column":4},"end":{"line":20,"column":4}}},"3":{"name":"getMetadata","line":25,"loc":{"start":{"line":25,"column":4},"end":{"line":27,"column":4}}}},"statementMap":{"1":{"start":{"line":26,"column":8},"end":{"line":26,"column":75}}},"branchMap":{"1":{"line":18,"type":"if","locations":[{"start":{"line":18,"column":55},"end":{"line":18,"column":55}},{"start":{"line":18,"column":55},"end":{"line":18,"column":55}}]}}},
"contracts/Kudzu.sol":{"l":{"93":12,"94":12,"103":2,"107":31,"108":31,"109":28,"115":1,"121":1,"125":15,"143":18,"144":17,"145":16,"146":16,"147":15,"148":15,"149":15,"150":15,"151":15,"152":15,"154":15,"155":15,"157":15,"159":15,"160":15,"163":15,"164":15,"165":15,"169":14,"170":13,"171":12,"172":12,"173":11,"174":11,"176":10,"177":10,"179":10,"181":10,"182":10,"185":10,"186":10,"187":10,"195":68,"196":67,"197":66,"198":66,"199":65,"200":65,"201":64,"203":63,"205":63,"207":63,"209":63,"212":63,"213":63,"214":63,"218":67,"219":66,"220":65,"221":65,"222":64,"223":64,"224":63,"229":62,"230":62,"231":62,"233":62,"234":62,"236":62,"238":62,"239":62,"242":62,"243":62,"244":62,"248":10,"249":9,"250":8,"251":7,"252":7,"253":6,"254":6,"255":5,"257":4,"258":4,"260":4,"262":4,"263":4,"266":4,"267":4,"268":4,"272":22,"273":22,"274":22,"275":21,"276":21,"277":21,"281":21,"283":21,"284":21,"285":21,"288":21,"289":21,"296":66,"302":66,"303":66,"304":55,"306":66,"308":63,"316":2,"320":1,"324":8,"328":2,"332":2,"336":2,"340":2,"350":1,"351":1,"352":1,"353":1,"354":1,"364":6,"372":1,"373":1,"374":1,"375":1,"376":1,"386":2,"387":2,"395":9},"path":"/Users/billy/GitHub/folia-app/kudzu-cup/contracts/Kudzu.sol","s":{"1":2,"2":31,"3":31,"4":28,"5":1,"6":1,"7":15,"8":18,"9":17,"10":16,"11":16,"12":15,"13":15,"14":15,"15":15,"16":15,"17":15,"18":15,"19":15,"20":15,"21":14,"22":13,"23":12,"24":12,"25":11,"26":11,"27":10,"28":10,"29":10,"30":10,"31":10,"32":10,"33":10,"34":68,"35":67,"36":66,"37":66,"38":65,"39":65,"40":64,"41":63,"42":63,"43":63,"44":63,"45":63,"46":63,"47":67,"48":66,"49":65,"50":65,"51":64,"52":64,"53":63,"54":62,"55":62,"56":62,"57":62,"58":62,"59":62,"60":62,"61":62,"62":10,"63":9,"64":8,"65":7,"66":7,"67":6,"68":6,"69":5,"70":4,"71":4,"72":4,"73":4,"74":4,"75":4,"76":4,"77":22,"78":22,"79":22,"80":21,"81":21,"82":21,"83":21,"84":21,"85":21,"86":21,"87":21,"88":66,"89":66,"90":66,"91":55,"92":66,"93":63,"94":2,"95":6,"96":2,"97":2,"98":9},"b":{"1":[17,1],"2":[16,1],"3":[16,0],"4":[15,1],"5":[15,0],"6":[15,0],"7":[13,1],"8":[12,1],"9":[12,0],"10":[11,1],"11":[11,0],"12":[10,1],"13":[10,0],"14":[67,1],"15":[66,1],"16":[66,0],"17":[65,1],"18":[65,0],"19":[64,1],"20":[63,1],"21":[63,0],"22":[66,1],"23":[65,1],"24":[65,0],"25":[64,1],"26":[64,0],"27":[63,1],"28":[62,1],"29":[62,0],"30":[9,1],"31":[8,1],"32":[7,1],"33":[7,0],"34":[6,1],"35":[6,0],"36":[5,1],"37":[4,1],"38":[4,0],"39":[22,0],"40":[22,0],"41":[21,1],"42":[21,0],"43":[21,0],"44":[21,0],"45":[55,11],"46":[63,3],"47":[2,2],"48":[1,1],"49":[8,1],"50":[2,1],"51":[2,1],"52":[2,1],"53":[2,1],"54":[1,1],"55":[6,1],"56":[1,5],"57":[2,1],"58":[1,1],"59":[1,1],"60":[1,1]},"f":{"1":12,"2":2,"3":31,"4":1,"5":1,"6":15,"7":18,"8":14,"9":68,"10":67,"11":10,"12":22,"13":66,"14":2,"15":1,"16":8,"17":2,"18":2,"19":2,"20":2,"21":1,"22":6,"23":2,"24":9},"fnMap":{"1":{"name":"constructor","line":92,"loc":{"start":{"line":92,"column":4},"end":{"line":95,"column":4}}},"2":{"name":"blocktimestamp","line":102,"loc":{"start":{"line":102,"column":4},"end":{"line":104,"column":4}}},"3":{"name":"getWinningToken","line":106,"loc":{"start":{"line":106,"column":4},"end":{"line":110,"column":4}}},"4":{"name":"getPiecesOfTokenID","line":112,"loc":{"start":{"line":112,"column":4},"end":{"line":116,"column":4}}},"5":{"name":"uri","line":118,"loc":{"start":{"line":118,"column":4},"end":{"line":122,"column":4}}},"6":{"name":"pseudoRNG","line":124,"loc":{"start":{"line":124,"column":4},"end":{"line":136,"column":4}}},"7":{"name":"create","line":142,"loc":{"start":{"line":142,"column":4},"end":{"line":166,"column":4}}},"8":{"name":"buy","line":168,"loc":{"start":{"line":168,"column":4},"end":{"line":188,"column":4}}},"9":{"name":"airdrop","line":190,"loc":{"start":{"line":190,"column":4},"end":{"line":215,"column":4}}},"10":{"name":"claimAirdrop","line":217,"loc":{"start":{"line":217,"column":4},"end":{"line":245,"column":4}}},"11":{"name":"attack","line":247,"loc":{"start":{"line":247,"column":4},"end":{"line":269,"column":4}}},"12":{"name":"claimPrize","line":271,"loc":{"start":{"line":271,"column":4},"end":{"line":290,"column":4}}},"13":{"name":"updateTree","line":295,"loc":{"start":{"line":295,"column":4},"end":{"line":310,"column":4}}},"14":{"name":"emitBatchMetadataUpdate","line":315,"loc":{"start":{"line":315,"column":4},"end":{"line":317,"column":4}}},"15":{"name":"updateMetadata","line":319,"loc":{"start":{"line":319,"column":4},"end":{"line":321,"column":4}}},"16":{"name":"updateStartDate","line":323,"loc":{"start":{"line":323,"column":4},"end":{"line":325,"column":4}}},"17":{"name":"updateEndDate","line":327,"loc":{"start":{"line":327,"column":4},"end":{"line":329,"column":4}}},"18":{"name":"updateRecipient","line":331,"loc":{"start":{"line":331,"column":4},"end":{"line":333,"column":4}}},"19":{"name":"updateOKtoClaim","line":335,"loc":{"start":{"line":335,"column":4},"end":{"line":337,"column":4}}},"20":{"name":"updateAttack","line":339,"loc":{"start":{"line":339,"column":4},"end":{"line":341,"column":4}}},"21":{"name":"updatePrices","line":349,"loc":{"start":{"line":343,"column":4},"end":{"line":355,"column":4}}},"22":{"name":"updatePercentages","line":363,"loc":{"start":{"line":357,"column":4},"end":{"line":377,"column":4}}},"23":{"name":"recoverLockedETH","line":385,"loc":{"start":{"line":382,"column":4},"end":{"line":388,"column":4}}},"24":{"name":"supportsInterface","line":392,"loc":{"start":{"line":392,"column":4},"end":{"line":400,"column":4}}}},"statementMap":{"1":{"start":{"line":103,"column":8},"end":{"line":103,"column":30}},"2":{"start":{"line":107,"column":8},"end":{"line":107,"column":34}},"3":{"start":{"line":108,"column":8},"end":{"line":108,"column":51}},"4":{"start":{"line":109,"column":8},"end":{"line":109,"column":27}},"5":{"start":{"line":115,"column":8},"end":{"line":115,"column":71}},"6":{"start":{"line":121,"column":8},"end":{"line":121,"column":44}},"7":{"start":{"line":125,"column":8},"end":{"line":125,"column":3500}},"8":{"start":{"line":143,"column":8},"end":{"line":143,"column":45}},"9":{"start":{"line":144,"column":8},"end":{"line":144,"column":66}},"10":{"start":{"line":145,"column":8},"end":{"line":145,"column":55}},"11":{"start":{"line":146,"column":8},"end":{"line":146,"column":73}},"12":{"start":{"line":147,"column":8},"end":{"line":147,"column":61}},"13":{"start":{"line":148,"column":8},"end":{"line":148,"column":41}},"14":{"start":{"line":154,"column":8},"end":{"line":154,"column":47}},"15":{"start":{"line":157,"column":8},"end":{"line":157,"column":47}},"16":{"start":{"line":159,"column":8},"end":{"line":159,"column":79}},"17":{"start":{"line":160,"column":8},"end":{"line":160,"column":4669}},"18":{"start":{"line":163,"column":8},"end":{"line":163,"column":66}},"19":{"start":{"line":164,"column":8},"end":{"line":164,"column":42}},"20":{"start":{"line":165,"column":8},"end":{"line":165,"column":77}},"21":{"start":{"line":169,"column":8},"end":{"line":169,"column":42}},"22":{"start":{"line":170,"column":8},"end":{"line":170,"column":66}},"23":{"start":{"line":171,"column":8},"end":{"line":171,"column":55}},"24":{"start":{"line":172,"column":8},"end":{"line":172,"column":70}},"25":{"start":{"line":173,"column":8},"end":{"line":173,"column":61}},"26":{"start":{"line":174,"column":8},"end":{"line":174,"column":55}},"27":{"start":{"line":176,"column":8},"end":{"line":176,"column":47}},"28":{"start":{"line":179,"column":8},"end":{"line":179,"column":47}},"29":{"start":{"line":181,"column":8},"end":{"line":181,"column":76}},"30":{"start":{"line":182,"column":8},"end":{"line":182,"column":5638}},"31":{"start":{"line":185,"column":8},"end":{"line":185,"column":66}},"32":{"start":{"line":186,"column":8},"end":{"line":186,"column":42}},"33":{"start":{"line":187,"column":8},"end":{"line":187,"column":77}},"34":{"start":{"line":195,"column":8},"end":{"line":195,"column":46}},"35":{"start":{"line":196,"column":8},"end":{"line":196,"column":66}},"36":{"start":{"line":197,"column":8},"end":{"line":197,"column":55}},"37":{"start":{"line":198,"column":8},"end":{"line":198,"column":74}},"38":{"start":{"line":199,"column":8},"end":{"line":199,"column":61}},"39":{"start":{"line":200,"column":8},"end":{"line":200,"column":55}},"40":{"start":{"line":201,"column":8},"end":{"line":201,"column":66}},"41":{"start":{"line":205,"column":8},"end":{"line":205,"column":62}},"42":{"start":{"line":207,"column":8},"end":{"line":207,"column":6642}},"43":{"start":{"line":209,"column":8},"end":{"line":209,"column":6726}},"44":{"start":{"line":212,"column":8},"end":{"line":212,"column":66}},"45":{"start":{"line":213,"column":8},"end":{"line":213,"column":42}},"46":{"start":{"line":214,"column":8},"end":{"line":214,"column":77}},"47":{"start":{"line":218,"column":8},"end":{"line":218,"column":44}},"48":{"start":{"line":219,"column":8},"end":{"line":219,"column":66}},"49":{"start":{"line":220,"column":8},"end":{"line":220,"column":55}},"50":{"start":{"line":221,"column":8},"end":{"line":221,"column":72}},"51":{"start":{"line":222,"column":8},"end":{"line":222,"column":61}},"52":{"start":{"line":223,"column":8},"end":{"line":223,"column":55}},"53":{"start":{"line":224,"column":8},"end":{"line":224,"column":7481}},"54":{"start":{"line":230,"column":8},"end":{"line":230,"column":42}},"55":{"start":{"line":233,"column":8},"end":{"line":233,"column":47}},"56":{"start":{"line":236,"column":8},"end":{"line":236,"column":49}},"57":{"start":{"line":238,"column":8},"end":{"line":238,"column":78}},"58":{"start":{"line":239,"column":8},"end":{"line":239,"column":7970}},"59":{"start":{"line":242,"column":8},"end":{"line":242,"column":66}},"60":{"start":{"line":243,"column":8},"end":{"line":243,"column":42}},"61":{"start":{"line":244,"column":8},"end":{"line":244,"column":77}},"62":{"start":{"line":248,"column":8},"end":{"line":248,"column":47}},"63":{"start":{"line":249,"column":8},"end":{"line":249,"column":45}},"64":{"start":{"line":250,"column":8},"end":{"line":250,"column":66}},"65":{"start":{"line":251,"column":8},"end":{"line":251,"column":55}},"66":{"start":{"line":252,"column":8},"end":{"line":252,"column":73}},"67":{"start":{"line":253,"column":8},"end":{"line":253,"column":61}},"68":{"start":{"line":254,"column":8},"end":{"line":254,"column":55}},"69":{"start":{"line":255,"column":8},"end":{"line":255,"column":77}},"70":{"start":{"line":257,"column":8},"end":{"line":257,"column":43}},"71":{"start":{"line":260,"column":8},"end":{"line":260,"column":50}},"72":{"start":{"line":262,"column":8},"end":{"line":262,"column":79}},"73":{"start":{"line":263,"column":8},"end":{"line":263,"column":9080}},"74":{"start":{"line":266,"column":8},"end":{"line":266,"column":66}},"75":{"start":{"line":267,"column":8},"end":{"line":267,"column":42}},"76":{"start":{"line":268,"column":8},"end":{"line":268,"column":77}},"77":{"start":{"line":272,"column":8},"end":{"line":272,"column":44}},"78":{"start":{"line":273,"column":8},"end":{"line":273,"column":59}},"79":{"start":{"line":274,"column":8},"end":{"line":274,"column":48}},"80":{"start":{"line":275,"column":8},"end":{"line":275,"column":50}},"81":{"start":{"line":276,"column":8},"end":{"line":276,"column":62}},"82":{"start":{"line":277,"column":8},"end":{"line":277,"column":9731}},"83":{"start":{"line":281,"column":8},"end":{"line":281,"column":9872}},"84":{"start":{"line":284,"column":8},"end":{"line":284,"column":43}},"85":{"start":{"line":285,"column":8},"end":{"line":285,"column":10048}},"86":{"start":{"line":288,"column":8},"end":{"line":288,"column":42}},"87":{"start":{"line":289,"column":8},"end":{"line":289,"column":67}},"88":{"start":{"line":296,"column":8},"end":{"line":296,"column":10391}},"89":{"start":{"line":302,"column":8},"end":{"line":302,"column":47}},"90":{"start":{"line":303,"column":8},"end":{"line":303,"column":10631}},"91":{"start":{"line":304,"column":12},"end":{"line":304,"column":58}},"92":{"start":{"line":306,"column":8},"end":{"line":306,"column":10743}},"93":{"start":{"line":308,"column":12},"end":{"line":308,"column":46}},"94":{"start":{"line":316,"column":8},"end":{"line":316,"column":48}},"95":{"start":{"line":364,"column":8},"end":{"line":364,"column":12263}},"96":{"start":{"line":386,"column":8},"end":{"line":386,"column":68}},"97":{"start":{"line":387,"column":8},"end":{"line":387,"column":46}},"98":{"start":{"line":395,"column":8},"end":{"line":395,"column":13363}}},"branchMap":{"1":{"line":143,"type":"if","locations":[{"start":{"line":143,"column":8},"end":{"line":143,"column":8}},{"start":{"line":143,"column":8},"end":{"line":143,"column":8}}]},"2":{"line":144,"type":"if","locations":[{"start":{"line":144,"column":8},"end":{"line":144,"column":8}},{"start":{"line":144,"column":8},"end":{"line":144,"column":8}}]},"3":{"line":145,"type":"if","locations":[{"start":{"line":145,"column":8},"end":{"line":145,"column":8}},{"start":{"line":145,"column":8},"end":{"line":145,"column":8}}]},"4":{"line":146,"type":"if","locations":[{"start":{"line":146,"column":8},"end":{"line":146,"column":8}},{"start":{"line":146,"column":8},"end":{"line":146,"column":8}}]},"5":{"line":147,"type":"if","locations":[{"start":{"line":147,"column":8},"end":{"line":147,"column":8}},{"start":{"line":147,"column":8},"end":{"line":147,"column":8}}]},"6":{"line":164,"type":"if","locations":[{"start":{"line":164,"column":8},"end":{"line":164,"column":8}},{"start":{"line":164,"column":8},"end":{"line":164,"column":8}}]},"7":{"line":169,"type":"if","locations":[{"start":{"line":169,"column":8},"end":{"line":169,"column":8}},{"start":{"line":169,"column":8},"end":{"line":169,"column":8}}]},"8":{"line":170,"type":"if","locations":[{"start":{"line":170,"column":8},"end":{"line":170,"column":8}},{"start":{"line":170,"column":8},"end":{"line":170,"column":8}}]},"9":{"line":171,"type":"if","locations":[{"start":{"line":171,"column":8},"end":{"line":171,"column":8}},{"start":{"line":171,"column":8},"end":{"line":171,"column":8}}]},"10":{"line":172,"type":"if","locations":[{"start":{"line":172,"column":8},"end":{"line":172,"column":8}},{"start":{"line":172,"column":8},"end":{"line":172,"column":8}}]},"11":{"line":173,"type":"if","locations":[{"start":{"line":173,"column":8},"end":{"line":173,"column":8}},{"start":{"line":173,"column":8},"end":{"line":173,"column":8}}]},"12":{"line":174,"type":"if","locations":[{"start":{"line":174,"column":8},"end":{"line":174,"column":8}},{"start":{"line":174,"column":8},"end":{"line":174,"column":8}}]},"13":{"line":186,"type":"if","locations":[{"start":{"line":186,"column":8},"end":{"line":186,"column":8}},{"start":{"line":186,"column":8},"end":{"line":186,"column":8}}]},"14":{"line":195,"type":"if","locations":[{"start":{"line":195,"column":8},"end":{"line":195,"column":8}},{"start":{"line":195,"column":8},"end":{"line":195,"column":8}}]},"15":{"line":196,"type":"if","locations":[{"start":{"line":196,"column":8},"end":{"line":196,"column":8}},{"start":{"line":196,"column":8},"end":{"line":196,"column":8}}]},"16":{"line":197,"type":"if","locations":[{"start":{"line":197,"column":8},"end":{"line":197,"column":8}},{"start":{"line":197,"column":8},"end":{"line":197,"column":8}}]},"17":{"line":198,"type":"if","locations":[{"start":{"line":198,"column":8},"end":{"line":198,"column":8}},{"start":{"line":198,"column":8},"end":{"line":198,"column":8}}]},"18":{"line":199,"type":"if","locations":[{"start":{"line":199,"column":8},"end":{"line":199,"column":8}},{"start":{"line":199,"column":8},"end":{"line":199,"column":8}}]},"19":{"line":200,"type":"if","locations":[{"start":{"line":200,"column":8},"end":{"line":200,"column":8}},{"start":{"line":200,"column":8},"end":{"line":200,"column":8}}]},"20":{"line":201,"type":"if","locations":[{"start":{"line":201,"column":8},"end":{"line":201,"column":8}},{"start":{"line":201,"column":8},"end":{"line":201,"column":8}}]},"21":{"line":213,"type":"if","locations":[{"start":{"line":213,"column":8},"end":{"line":213,"column":8}},{"start":{"line":213,"column":8},"end":{"line":213,"column":8}}]},"22":{"line":218,"type":"if","locations":[{"start":{"line":218,"column":8},"end":{"line":218,"column":8}},{"start":{"line":218,"column":8},"end":{"line":218,"column":8}}]},"23":{"line":219,"type":"if","locations":[{"start":{"line":219,"column":8},"end":{"line":219,"column":8}},{"start":{"line":219,"column":8},"end":{"line":219,"column":8}}]},"24":{"line":220,"type":"if","locations":[{"start":{"line":220,"column":8},"end":{"line":220,"column":8}},{"start":{"line":220,"column":8},"end":{"line":220,"column":8}}]},"25":{"line":221,"type":"if","locations":[{"start":{"line":221,"column":8},"end":{"line":221,"column":8}},{"start":{"line":221,"column":8},"end":{"line":221,"column":8}}]},"26":{"line":222,"type":"if","locations":[{"start":{"line":222,"column":8},"end":{"line":222,"column":8}},{"start":{"line":222,"column":8},"end":{"line":222,"column":8}}]},"27":{"line":223,"type":"if","locations":[{"start":{"line":223,"column":8},"end":{"line":223,"column":8}},{"start":{"line":223,"column":8},"end":{"line":223,"column":8}}]},"28":{"line":224,"type":"if","locations":[{"start":{"line":224,"column":8},"end":{"line":224,"column":8}},{"start":{"line":224,"column":8},"end":{"line":224,"column":8}}]},"29":{"line":243,"type":"if","locations":[{"start":{"line":243,"column":8},"end":{"line":243,"column":8}},{"start":{"line":243,"column":8},"end":{"line":243,"column":8}}]},"30":{"line":248,"type":"if","locations":[{"start":{"line":248,"column":8},"end":{"line":248,"column":8}},{"start":{"line":248,"column":8},"end":{"line":248,"column":8}}]},"31":{"line":249,"type":"if","locations":[{"start":{"line":249,"column":8},"end":{"line":249,"column":8}},{"start":{"line":249,"column":8},"end":{"line":249,"column":8}}]},"32":{"line":250,"type":"if","locations":[{"start":{"line":250,"column":8},"end":{"line":250,"column":8}},{"start":{"line":250,"column":8},"end":{"line":250,"column":8}}]},"33":{"line":251,"type":"if","locations":[{"start":{"line":251,"column":8},"end":{"line":251,"column":8}},{"start":{"line":251,"column":8},"end":{"line":251,"column":8}}]},"34":{"line":252,"type":"if","locations":[{"start":{"line":252,"column":8},"end":{"line":252,"column":8}},{"start":{"line":252,"column":8},"end":{"line":252,"column":8}}]},"35":{"line":253,"type":"if","locations":[{"start":{"line":253,"column":8},"end":{"line":253,"column":8}},{"start":{"line":253,"column":8},"end":{"line":253,"column":8}}]},"36":{"line":254,"type":"if","locations":[{"start":{"line":254,"column":8},"end":{"line":254,"column":8}},{"start":{"line":254,"column":8},"end":{"line":254,"column":8}}]},"37":{"line":255,"type":"if","locations":[{"start":{"line":255,"column":8},"end":{"line":255,"column":8}},{"start":{"line":255,"column":8},"end":{"line":255,"column":8}}]},"38":{"line":267,"type":"if","locations":[{"start":{"line":267,"column":8},"end":{"line":267,"column":8}},{"start":{"line":267,"column":8},"end":{"line":267,"column":8}}]},"39":{"line":272,"type":"if","locations":[{"start":{"line":272,"column":8},"end":{"line":272,"column":8}},{"start":{"line":272,"column":8},"end":{"line":272,"column":8}}]},"40":{"line":273,"type":"if","locations":[{"start":{"line":273,"column":8},"end":{"line":273,"column":8}},{"start":{"line":273,"column":8},"end":{"line":273,"column":8}}]},"41":{"line":274,"type":"if","locations":[{"start":{"line":274,"column":8},"end":{"line":274,"column":8}},{"start":{"line":274,"column":8},"end":{"line":274,"column":8}}]},"42":{"line":276,"type":"if","locations":[{"start":{"line":276,"column":8},"end":{"line":276,"column":8}},{"start":{"line":276,"column":8},"end":{"line":276,"column":8}}]},"43":{"line":277,"type":"if","locations":[{"start":{"line":277,"column":8},"end":{"line":277,"column":8}},{"start":{"line":277,"column":8},"end":{"line":277,"column":8}}]},"44":{"line":288,"type":"if","locations":[{"start":{"line":288,"column":8},"end":{"line":288,"column":8}},{"start":{"line":288,"column":8},"end":{"line":288,"column":8}}]},"45":{"line":303,"type":"if","locations":[{"start":{"line":303,"column":8},"end":{"line":303,"column":8}},{"start":{"line":303,"column":8},"end":{"line":303,"column":8}}]},"46":{"line":306,"type":"if","locations":[{"start":{"line":306,"column":8},"end":{"line":306,"column":8}},{"start":{"line":306,"column":8},"end":{"line":306,"column":8}}]},"47":{"line":315,"type":"if","locations":[{"start":{"line":315,"column":46},"end":{"line":315,"column":46}},{"start":{"line":315,"column":46},"end":{"line":315,"column":46}}]},"48":{"line":319,"type":"if","locations":[{"start":{"line":319,"column":63},"end":{"line":319,"column":63}},{"start":{"line":319,"column":63},"end":{"line":319,"column":63}}]},"49":{"line":323,"type":"if","locations":[{"start":{"line":323,"column":56},"end":{"line":323,"column":56}},{"start":{"line":323,"column":56},"end":{"line":323,"column":56}}]},"50":{"line":327,"type":"if","locations":[{"start":{"line":327,"column":52},"end":{"line":327,"column":52}},{"start":{"line":327,"column":52},"end":{"line":327,"column":52}}]},"51":{"line":331,"type":"if","locations":[{"start":{"line":331,"column":56},"end":{"line":331,"column":56}},{"start":{"line":331,"column":56},"end":{"line":331,"column":56}}]},"52":{"line":335,"type":"if","locations":[{"start":{"line":335,"column":53},"end":{"line":335,"column":53}},{"start":{"line":335,"column":53},"end":{"line":335,"column":53}}]},"53":{"line":339,"type":"if","locations":[{"start":{"line":339,"column":53},"end":{"line":339,"column":53}},{"start":{"line":339,"column":53},"end":{"line":339,"column":53}}]},"54":{"line":349,"type":"if","locations":[{"start":{"line":349,"column":13},"end":{"line":349,"column":13}},{"start":{"line":349,"column":13},"end":{"line":349,"column":13}}]},"55":{"line":363,"type":"if","locations":[{"start":{"line":363,"column":13},"end":{"line":363,"column":13}},{"start":{"line":363,"column":13},"end":{"line":363,"column":13}}]},"56":{"line":364,"type":"if","locations":[{"start":{"line":364,"column":8},"end":{"line":364,"column":8}},{"start":{"line":364,"column":8},"end":{"line":364,"column":8}}]},"57":{"line":385,"type":"if","locations":[{"start":{"line":385,"column":13},"end":{"line":385,"column":13}},{"start":{"line":385,"column":13},"end":{"line":385,"column":13}}]},"58":{"line":396,"type":"cond-expr","locations":[{"start":{"line":396,"column":12},"end":{"line":396,"column":51}},{"start":{"line":397,"column":12},"end":{"line":397,"column":52}}]},"59":{"line":396,"type":"cond-expr","locations":[{"start":{"line":396,"column":12},"end":{"line":397,"column":52}},{"start":{"line":398,"column":12},"end":{"line":398,"column":63}}]},"60":{"line":396,"type":"cond-expr","locations":[{"start":{"line":396,"column":12},"end":{"line":398,"column":63}},{"start":{"line":399,"column":12},"end":{"line":399,"column":44}}]}}}}
