TN:
SF:/Users/billy/GitHub/trifle-labs/kudzu-cup/contracts/ExternalMetadata.sol
FN:80,constructor
FN:84,getMetadata
FN:114,getAttributes
FN:137,getDescription
FN:157,getName
FN:173,getPiecesOfTokenID
FN:179,getEmoji
FNF:7
FNH:6
FNDA:16,constructor
FNDA:4,getMetadata
FNDA:4,getAttributes
FNDA:4,getDescription
FNDA:4,getName
FNDA:1014,getPiecesOfTokenID
FNDA:0,getEmoji
DA:85,4
DA:117,4
DA:119,4
DA:140,4
DA:141,4
DA:158,4
DA:159,4
DA:176,1014
DA:180,0
DA:181,0
DA:182,0
LF:11
LH:8
BRF:0
BRH:0
end_of_record
TN:
SF:/Users/billy/GitHub/trifle-labs/kudzu-cup/contracts/Kudzu.sol
FN:112,constructor
FN:149,balanceOf
FN:153,blocktimestamp
FN:157,getWinningToken
FN:163,tokenURI
FN:169,uri
FN:181,getTokenMetadata
FN:187,pseudoRNG
FN:201,userExists
FN:219,create
FN:256,airdrop
FN:303,isWinningtoken
FN:310,claimPrize
FN:357,transfersEnabled
FN:387,tallyLeaderboard
FN:443,addChain
FN:448,emitBatchMetadataUpdate
FN:452,updateMetadata
FN:456,updateRecipient
FN:463,collectForfeitPrizeAfterDelay
FN:474,mint
FN:483,safeTransferFrom
FN:494,safeBatchTransferFrom
FN:509,supportsInterface
FNF:24
FNH:23
FNDA:16,constructor
FNDA:5,balanceOf
FNDA:2,blocktimestamp
FNDA:52,getWinningToken
FNDA:1,tokenURI
FNDA:3,uri
FNDA:1,getTokenMetadata
FNDA:2068,pseudoRNG
FNDA:120,userExists
FNDA:122,create
FNDA:121,airdrop
FNDA:15,isWinningtoken
FNDA:18,claimPrize
FNDA:12,transfersEnabled
FNDA:1147,tallyLeaderboard
FNDA:1,addChain
FNDA:2,emitBatchMetadataUpdate
FNDA:1,updateMetadata
FNDA:2,updateRecipient
FNDA:3,collectForfeitPrizeAfterDelay
FNDA:100,mint
FNDA:12,safeTransferFrom
FNDA:0,safeBatchTransferFrom
FNDA:13,supportsInterface
DA:113,16
DA:114,16
DA:116,16
DA:119,16
DA:121,16
DA:124,16
DA:126,16
DA:129,16
DA:131,16
DA:134,16
DA:136,16
DA:139,16
DA:143,1
DA:150,5
DA:154,2
DA:160,52
DA:166,1
DA:178,3
DA:184,1
DA:188,2068
DA:206,120
DA:207,120
DA:208,120
DA:213,120
DA:220,122
DA:221,121
DA:222,120
DA:223,119
DA:225,118
DA:226,118
DA:227,1034
DA:228,1034
DA:230,1034
DA:231,1034
DA:233,1034
DA:234,1034
DA:236,1034
DA:237,1034
DA:238,1034
DA:239,1034
DA:240,1034
DA:241,1034
DA:244,118
DA:245,118
DA:248,118
DA:249,118
DA:250,118
DA:262,121
DA:263,120
DA:264,119
DA:265,118
DA:266,118
DA:267,116
DA:268,115
DA:269,114
DA:274,114
DA:275,113
DA:278,114
DA:279,3
DA:283,2
DA:286,113
DA:287,113
DA:288,113
DA:289,113
DA:291,113
DA:293,113
DA:295,113
DA:298,113
DA:299,113
DA:300,113
DA:304,15
DA:311,18
DA:312,17
DA:316,16
DA:322,15
DA:323,2
DA:326,15
DA:327,15
DA:329,15
DA:331,8
DA:333,8
DA:340,8
DA:343,8
DA:344,8
DA:346,8
DA:349,8
DA:350,8
DA:351,8
DA:363,12
DA:364,11
DA:371,10
DA:372,10
DA:373,10
DA:378,7
DA:379,6
DA:380,6
DA:383,8
DA:384,8
DA:388,1147
DA:390,1147
DA:391,1147
DA:392,1147
DA:393,3374
DA:394,51
DA:395,51
DA:396,51
DA:399,1147
DA:400,1096
DA:401,10
DA:402,10
DA:403,10
DA:407,9
DA:408,9
DA:414,9
DA:417,51
DA:420,51
DA:421,102
DA:422,102
DA:427,102
DA:428,10
DA:429,10
DA:431,102
DA:444,1
DA:445,1
DA:449,2
DA:453,1
DA:457,2
DA:464,3
DA:468,2
DA:469,2
DA:479,100
DA:480,100
DA:490,12
DA:491,8
DA:501,0
DA:502,0
DA:503,0
DA:504,0
DA:506,0
DA:512,13
LF:140
LH:135
BRDA:220,1,0,121
BRDA:220,1,1,1
BRDA:221,2,0,120
BRDA:221,2,1,1
BRDA:222,3,0,119
BRDA:222,3,1,1
BRDA:223,4,0,118
BRDA:223,4,1,1
BRDA:249,5,0,118
BRDA:249,5,1,0
BRDA:262,6,0,120
BRDA:262,6,1,1
BRDA:263,7,0,119
BRDA:263,7,1,1
BRDA:264,8,0,118
BRDA:264,8,1,1
BRDA:265,9,0,118
BRDA:265,9,1,0
BRDA:266,10,0,116
BRDA:266,10,1,2
BRDA:267,11,0,115
BRDA:267,11,1,1
BRDA:268,12,0,114
BRDA:268,12,1,1
BRDA:274,13,0,113
BRDA:274,13,1,1
BRDA:278,14,0,3
BRDA:278,14,1,111
BRDA:279,15,0,2
BRDA:279,15,1,1
BRDA:299,16,0,113
BRDA:299,16,1,0
BRDA:305,17,0,10
BRDA:305,17,1,1
BRDA:305,18,0,1
BRDA:305,18,1,2
BRDA:311,19,0,17
BRDA:311,19,1,1
BRDA:312,20,0,16
BRDA:312,20,1,1
BRDA:316,21,0,15
BRDA:316,21,1,1
BRDA:322,22,0,2
BRDA:322,22,1,13
BRDA:329,23,0,8
BRDA:329,23,1,7
BRDA:349,24,0,8
BRDA:349,24,1,0
BRDA:363,25,0,11
BRDA:363,25,1,1
BRDA:364,26,0,10
BRDA:364,26,1,1
BRDA:373,27,0,7
BRDA:373,27,1,3
BRDA:374,28,0,6
BRDA:374,28,1,1
BRDA:378,29,0,6
BRDA:378,29,1,1
BRDA:393,30,0,51
BRDA:393,30,1,3323
BRDA:399,31,0,1096
BRDA:399,31,1,51
BRDA:400,32,0,10
BRDA:400,32,1,1086
BRDA:404,33,0,9
BRDA:404,33,1,1077
BRDA:409,34,0,9
BRDA:409,34,1,1068
BRDA:443,35,0,1
BRDA:443,35,1,1
BRDA:448,36,0,2
BRDA:448,36,1,2
BRDA:452,37,0,1
BRDA:452,37,1,1
BRDA:456,38,0,2
BRDA:456,38,1,1
BRDA:463,39,0,3
BRDA:463,39,1,1
BRDA:464,40,0,2
BRDA:464,40,1,1
BRDA:479,41,0,100
BRDA:479,41,1,0
BRDA:513,42,0,1
BRDA:513,42,1,1
BRDA:513,43,0,1
BRDA:513,43,1,1
BRDA:513,44,0,1
BRDA:513,44,1,1
BRDA:513,45,0,1
BRDA:513,45,1,3
BRF:90
BRH:85
end_of_record
