TN:
SF:/Users/billy/GitHub/folia-app/kudzu-cup/contracts/ExternalMetadata.sol
FN:12,constructor
FN:18,setbaseURI
FN:25,getMetadata
FNF:3
FNH:2
FNDA:12,constructor
FNDA:0,setbaseURI
FNDA:3,getMetadata
DA:19,0
DA:26,3
LF:2
LH:1
BRDA:18,1,0,0
BRDA:18,1,1,0
BRF:2
BRH:0
end_of_record
TN:
SF:/Users/billy/GitHub/folia-app/kudzu-cup/contracts/Kudzu.sol
FN:92,constructor
FN:102,blocktimestamp
FN:106,getWinningToken
FN:112,getPiecesOfTokenID
FN:118,uri
FN:124,pseudoRNG
FN:142,create
FN:168,buy
FN:190,airdrop
FN:217,claimAirdrop
FN:247,attack
FN:271,claimPrize
FN:295,updateTree
FN:315,emitBatchMetadataUpdate
FN:319,updateMetadata
FN:323,updateStartDate
FN:327,updateEndDate
FN:331,updateRecipient
FN:335,updateOKtoClaim
FN:339,updateAttack
FN:349,updatePrices
FN:363,updatePercentages
FN:385,recoverLockedETH
FN:392,supportsInterface
FNF:24
FNH:24
FNDA:12,constructor
FNDA:2,blocktimestamp
FNDA:66,getWinningToken
FNDA:1,getPiecesOfTokenID
FNDA:1,uri
FNDA:10,pseudoRNG
FNDA:13,create
FNDA:14,buy
FNDA:97,airdrop
FNDA:96,claimAirdrop
FNDA:10,attack
FNDA:57,claimPrize
FNDA:95,updateTree
FNDA:2,emitBatchMetadataUpdate
FNDA:1,updateMetadata
FNDA:8,updateStartDate
FNDA:2,updateEndDate
FNDA:2,updateRecipient
FNDA:2,updateOKtoClaim
FNDA:2,updateAttack
FNDA:1,updatePrices
FNDA:6,updatePercentages
FNDA:2,recoverLockedETH
FNDA:9,supportsInterface
DA:93,12
DA:94,12
DA:103,2
DA:107,66
DA:108,66
DA:109,63
DA:115,1
DA:121,1
DA:125,10
DA:143,13
DA:144,12
DA:145,11
DA:146,11
DA:147,10
DA:148,10
DA:149,10
DA:150,10
DA:151,10
DA:152,10
DA:154,10
DA:155,10
DA:157,10
DA:159,10
DA:160,10
DA:163,10
DA:164,10
DA:165,10
DA:169,14
DA:170,13
DA:171,12
DA:172,12
DA:173,11
DA:174,11
DA:176,10
DA:177,10
DA:179,10
DA:181,10
DA:182,10
DA:185,10
DA:186,10
DA:187,10
DA:195,97
DA:196,96
DA:197,95
DA:198,95
DA:199,94
DA:200,94
DA:201,93
DA:203,92
DA:205,92
DA:207,92
DA:209,92
DA:212,92
DA:213,92
DA:214,92
DA:218,96
DA:219,95
DA:220,94
DA:221,94
DA:222,93
DA:223,93
DA:224,92
DA:229,91
DA:230,91
DA:231,91
DA:233,91
DA:234,91
DA:236,91
DA:238,91
DA:239,91
DA:242,91
DA:243,91
DA:244,91
DA:248,10
DA:249,9
DA:250,8
DA:251,7
DA:252,7
DA:253,6
DA:254,6
DA:255,5
DA:257,4
DA:258,4
DA:260,4
DA:262,4
DA:263,4
DA:266,4
DA:267,4
DA:268,4
DA:272,57
DA:273,57
DA:274,57
DA:275,56
DA:276,56
DA:277,56
DA:281,56
DA:283,56
DA:284,56
DA:285,56
DA:288,56
DA:289,56
DA:296,95
DA:302,95
DA:303,95
DA:304,89
DA:306,95
DA:308,92
DA:316,2
DA:320,1
DA:324,8
DA:328,2
DA:332,2
DA:336,2
DA:340,2
DA:350,1
DA:351,1
DA:352,1
DA:353,1
DA:354,1
DA:364,6
DA:372,1
DA:373,1
DA:374,1
DA:375,1
DA:376,1
DA:386,2
DA:387,2
DA:395,9
LF:128
LH:128
BRDA:143,1,0,12
BRDA:143,1,1,1
BRDA:144,2,0,11
BRDA:144,2,1,1
BRDA:145,3,0,11
BRDA:145,3,1,0
BRDA:146,4,0,10
BRDA:146,4,1,1
BRDA:147,5,0,10
BRDA:147,5,1,0
BRDA:164,6,0,10
BRDA:164,6,1,0
BRDA:169,7,0,13
BRDA:169,7,1,1
BRDA:170,8,0,12
BRDA:170,8,1,1
BRDA:171,9,0,12
BRDA:171,9,1,0
BRDA:172,10,0,11
BRDA:172,10,1,1
BRDA:173,11,0,11
BRDA:173,11,1,0
BRDA:174,12,0,10
BRDA:174,12,1,1
BRDA:186,13,0,10
BRDA:186,13,1,0
BRDA:195,14,0,96
BRDA:195,14,1,1
BRDA:196,15,0,95
BRDA:196,15,1,1
BRDA:197,16,0,95
BRDA:197,16,1,0
BRDA:198,17,0,94
BRDA:198,17,1,1
BRDA:199,18,0,94
BRDA:199,18,1,0
BRDA:200,19,0,93
BRDA:200,19,1,1
BRDA:201,20,0,92
BRDA:201,20,1,1
BRDA:213,21,0,92
BRDA:213,21,1,0
BRDA:218,22,0,95
BRDA:218,22,1,1
BRDA:219,23,0,94
BRDA:219,23,1,1
BRDA:220,24,0,94
BRDA:220,24,1,0
BRDA:221,25,0,93
BRDA:221,25,1,1
BRDA:222,26,0,93
BRDA:222,26,1,0
BRDA:223,27,0,92
BRDA:223,27,1,1
BRDA:224,28,0,91
BRDA:224,28,1,1
BRDA:243,29,0,91
BRDA:243,29,1,0
BRDA:248,30,0,9
BRDA:248,30,1,1
BRDA:249,31,0,8
BRDA:249,31,1,1
BRDA:250,32,0,7
BRDA:250,32,1,1
BRDA:251,33,0,7
BRDA:251,33,1,0
BRDA:252,34,0,6
BRDA:252,34,1,1
BRDA:253,35,0,6
BRDA:253,35,1,0
BRDA:254,36,0,5
BRDA:254,36,1,1
BRDA:255,37,0,4
BRDA:255,37,1,1
BRDA:267,38,0,4
BRDA:267,38,1,0
BRDA:272,39,0,57
BRDA:272,39,1,0
BRDA:273,40,0,57
BRDA:273,40,1,0
BRDA:274,41,0,56
BRDA:274,41,1,1
BRDA:276,42,0,56
BRDA:276,42,1,0
BRDA:277,43,0,56
BRDA:277,43,1,0
BRDA:288,44,0,56
BRDA:288,44,1,0
BRDA:303,45,0,89
BRDA:303,45,1,6
BRDA:306,46,0,92
BRDA:306,46,1,3
BRDA:315,47,0,2
BRDA:315,47,1,2
BRDA:319,48,0,1
BRDA:319,48,1,1
BRDA:323,49,0,8
BRDA:323,49,1,1
BRDA:327,50,0,2
BRDA:327,50,1,1
BRDA:331,51,0,2
BRDA:331,51,1,1
BRDA:335,52,0,2
BRDA:335,52,1,1
BRDA:339,53,0,2
BRDA:339,53,1,1
BRDA:349,54,0,1
BRDA:349,54,1,1
BRDA:363,55,0,6
BRDA:363,55,1,1
BRDA:364,56,0,1
BRDA:364,56,1,5
BRDA:385,57,0,2
BRDA:385,57,1,1
BRDA:396,58,0,1
BRDA:396,58,1,1
BRDA:396,59,0,1
BRDA:396,59,1,1
BRDA:396,60,0,1
BRDA:396,60,1,1
BRF:120
BRH:100
end_of_record
